2025-01-19 10:55:50,647 - __main__ - INFO - This is an informational message.
2025-01-19 10:55:50,647 - __main__ - WARNING - This is a warning message.
2025-01-19 10:55:50,647 - __main__ - ERROR - This is an error message.
2025-01-19 10:56:00,900 - __main__ - INFO - This is an informational message.
2025-01-19 10:56:00,900 - __main__ - INFO - This is an informational message.
2025-01-19 10:56:00,901 - __main__ - WARNING - This is a warning message.
2025-01-19 10:56:00,901 - __main__ - WARNING - This is a warning message.
2025-01-19 10:56:00,903 - __main__ - ERROR - This is an error message.
2025-01-19 10:56:00,903 - __main__ - ERROR - This is an error message.
2025-01-19 10:56:18,365 - __main__ - INFO - This is an informational message.
2025-01-19 10:56:18,365 - __main__ - INFO - This is an informational message.
2025-01-19 10:56:18,365 - __main__ - INFO - This is an informational message.
2025-01-19 10:56:18,365 - __main__ - WARNING - This is a warning message.
2025-01-19 10:56:18,365 - __main__ - WARNING - This is a warning message.
2025-01-19 10:56:18,365 - __main__ - WARNING - This is a warning message.
2025-01-19 10:56:18,365 - __main__ - ERROR - This is an error message.
2025-01-19 10:56:18,365 - __main__ - ERROR - This is an error message.
2025-01-19 10:56:18,365 - __main__ - ERROR - This is an error message.
2025-01-19 10:56:19,877 - __main__ - INFO - This is an informational message.
2025-01-19 10:56:19,877 - __main__ - INFO - This is an informational message.
2025-01-19 10:56:19,877 - __main__ - INFO - This is an informational message.
2025-01-19 10:56:19,877 - __main__ - INFO - This is an informational message.
2025-01-19 10:56:19,881 - __main__ - WARNING - This is a warning message.
2025-01-19 10:56:19,881 - __main__ - WARNING - This is a warning message.
2025-01-19 10:56:19,881 - __main__ - WARNING - This is a warning message.
2025-01-19 10:56:19,881 - __main__ - WARNING - This is a warning message.
2025-01-19 10:56:19,886 - __main__ - ERROR - This is an error message.
2025-01-19 10:56:19,886 - __main__ - ERROR - This is an error message.
2025-01-19 10:56:19,886 - __main__ - ERROR - This is an error message.
2025-01-19 10:56:19,886 - __main__ - ERROR - This is an error message.
2025-01-19 10:56:21,090 - __main__ - INFO - This is an informational message.
2025-01-19 10:56:21,090 - __main__ - INFO - This is an informational message.
2025-01-19 10:56:21,090 - __main__ - INFO - This is an informational message.
2025-01-19 10:56:21,090 - __main__ - INFO - This is an informational message.
2025-01-19 10:56:21,090 - __main__ - INFO - This is an informational message.
2025-01-19 10:56:21,093 - __main__ - WARNING - This is a warning message.
2025-01-19 10:56:21,093 - __main__ - WARNING - This is a warning message.
2025-01-19 10:56:21,093 - __main__ - WARNING - This is a warning message.
2025-01-19 10:56:21,093 - __main__ - WARNING - This is a warning message.
2025-01-19 10:56:21,093 - __main__ - WARNING - This is a warning message.
2025-01-19 10:56:21,094 - __main__ - ERROR - This is an error message.
2025-01-19 10:56:21,094 - __main__ - ERROR - This is an error message.
2025-01-19 10:56:21,094 - __main__ - ERROR - This is an error message.
2025-01-19 10:56:21,094 - __main__ - ERROR - This is an error message.
2025-01-19 10:56:21,094 - __main__ - ERROR - This is an error message.
2025-01-19 10:56:23,094 - __main__ - INFO - This is an informational message.
2025-01-19 10:56:23,094 - __main__ - INFO - This is an informational message.
2025-01-19 10:56:23,094 - __main__ - INFO - This is an informational message.
2025-01-19 10:56:23,094 - __main__ - INFO - This is an informational message.
2025-01-19 10:56:23,094 - __main__ - INFO - This is an informational message.
2025-01-19 10:56:23,094 - __main__ - INFO - This is an informational message.
2025-01-19 10:56:23,094 - __main__ - WARNING - This is a warning message.
2025-01-19 10:56:23,094 - __main__ - WARNING - This is a warning message.
2025-01-19 10:56:23,094 - __main__ - WARNING - This is a warning message.
2025-01-19 10:56:23,094 - __main__ - WARNING - This is a warning message.
2025-01-19 10:56:23,094 - __main__ - WARNING - This is a warning message.
2025-01-19 10:56:23,094 - __main__ - WARNING - This is a warning message.
2025-01-19 10:56:23,094 - __main__ - ERROR - This is an error message.
2025-01-19 10:56:23,094 - __main__ - ERROR - This is an error message.
2025-01-19 10:56:23,094 - __main__ - ERROR - This is an error message.
2025-01-19 10:56:23,094 - __main__ - ERROR - This is an error message.
2025-01-19 10:56:23,094 - __main__ - ERROR - This is an error message.
2025-01-19 10:56:23,094 - __main__ - ERROR - This is an error message.
2025-01-19 10:58:27,509 - __main__ - INFO - This is an informational message.
2025-01-19 10:58:27,509 - __main__ - INFO - This is an informational message.
2025-01-19 10:58:27,509 - __main__ - INFO - This is an informational message.
2025-01-19 10:58:27,509 - __main__ - INFO - This is an informational message.
2025-01-19 10:58:27,509 - __main__ - INFO - This is an informational message.
2025-01-19 10:58:27,509 - __main__ - INFO - This is an informational message.
2025-01-19 10:58:27,509 - __main__ - INFO - This is an informational message.
2025-01-19 10:58:27,509 - __main__ - WARNING - This is a warning message.
2025-01-19 10:58:27,509 - __main__ - WARNING - This is a warning message.
2025-01-19 10:58:27,509 - __main__ - WARNING - This is a warning message.
2025-01-19 10:58:27,509 - __main__ - WARNING - This is a warning message.
2025-01-19 10:58:27,509 - __main__ - WARNING - This is a warning message.
2025-01-19 10:58:27,509 - __main__ - WARNING - This is a warning message.
2025-01-19 10:58:27,509 - __main__ - WARNING - This is a warning message.
2025-01-19 10:58:27,509 - __main__ - ERROR - This is an error message.
2025-01-19 10:58:27,509 - __main__ - ERROR - This is an error message.
2025-01-19 10:58:27,509 - __main__ - ERROR - This is an error message.
2025-01-19 10:58:27,509 - __main__ - ERROR - This is an error message.
2025-01-19 10:58:27,509 - __main__ - ERROR - This is an error message.
2025-01-19 10:58:27,509 - __main__ - ERROR - This is an error message.
2025-01-19 10:58:27,509 - __main__ - ERROR - This is an error message.
2025-01-19 10:58:30,210 - __main__ - INFO - This is an informational message.
2025-01-19 10:58:30,210 - __main__ - INFO - This is an informational message.
2025-01-19 10:58:30,210 - __main__ - INFO - This is an informational message.
2025-01-19 10:58:30,210 - __main__ - INFO - This is an informational message.
2025-01-19 10:58:30,210 - __main__ - INFO - This is an informational message.
2025-01-19 10:58:30,210 - __main__ - INFO - This is an informational message.
2025-01-19 10:58:30,210 - __main__ - INFO - This is an informational message.
2025-01-19 10:58:30,210 - __main__ - INFO - This is an informational message.
2025-01-19 10:58:30,224 - __main__ - WARNING - This is a warning message.
2025-01-19 10:58:30,224 - __main__ - WARNING - This is a warning message.
2025-01-19 10:58:30,224 - __main__ - WARNING - This is a warning message.
2025-01-19 10:58:30,224 - __main__ - WARNING - This is a warning message.
2025-01-19 10:58:30,224 - __main__ - WARNING - This is a warning message.
2025-01-19 10:58:30,224 - __main__ - WARNING - This is a warning message.
2025-01-19 10:58:30,224 - __main__ - WARNING - This is a warning message.
2025-01-19 10:58:30,224 - __main__ - WARNING - This is a warning message.
2025-01-19 10:58:30,227 - __main__ - ERROR - This is an error message.
2025-01-19 10:58:30,227 - __main__ - ERROR - This is an error message.
2025-01-19 10:58:30,227 - __main__ - ERROR - This is an error message.
2025-01-19 10:58:30,227 - __main__ - ERROR - This is an error message.
2025-01-19 10:58:30,227 - __main__ - ERROR - This is an error message.
2025-01-19 10:58:30,227 - __main__ - ERROR - This is an error message.
2025-01-19 10:58:30,227 - __main__ - ERROR - This is an error message.
2025-01-19 10:58:30,227 - __main__ - ERROR - This is an error message.
2025-01-19 10:59:37,372 - __main__ - INFO - This is an informational message.
2025-01-19 10:59:37,372 - __main__ - INFO - This is an informational message.
2025-01-19 10:59:37,372 - __main__ - INFO - This is an informational message.
2025-01-19 10:59:37,372 - __main__ - INFO - This is an informational message.
2025-01-19 10:59:37,372 - __main__ - INFO - This is an informational message.
2025-01-19 10:59:37,372 - __main__ - INFO - This is an informational message.
2025-01-19 10:59:37,372 - __main__ - INFO - This is an informational message.
2025-01-19 10:59:37,372 - __main__ - INFO - This is an informational message.
2025-01-19 10:59:37,372 - __main__ - INFO - This is an informational message.
2025-01-19 10:59:37,393 - __main__ - WARNING - This is a warning message.
2025-01-19 10:59:37,393 - __main__ - WARNING - This is a warning message.
2025-01-19 10:59:37,393 - __main__ - WARNING - This is a warning message.
2025-01-19 10:59:37,393 - __main__ - WARNING - This is a warning message.
2025-01-19 10:59:37,393 - __main__ - WARNING - This is a warning message.
2025-01-19 10:59:37,393 - __main__ - WARNING - This is a warning message.
2025-01-19 10:59:37,393 - __main__ - WARNING - This is a warning message.
2025-01-19 10:59:37,393 - __main__ - WARNING - This is a warning message.
2025-01-19 10:59:37,393 - __main__ - WARNING - This is a warning message.
2025-01-19 10:59:37,395 - __main__ - ERROR - This is an error message.
2025-01-19 10:59:37,395 - __main__ - ERROR - This is an error message.
2025-01-19 10:59:37,395 - __main__ - ERROR - This is an error message.
2025-01-19 10:59:37,395 - __main__ - ERROR - This is an error message.
2025-01-19 10:59:37,395 - __main__ - ERROR - This is an error message.
2025-01-19 10:59:37,395 - __main__ - ERROR - This is an error message.
2025-01-19 10:59:37,395 - __main__ - ERROR - This is an error message.
2025-01-19 10:59:37,395 - __main__ - ERROR - This is an error message.
2025-01-19 10:59:37,395 - __main__ - ERROR - This is an error message.
2025-01-19 10:59:42,614 - __main__ - INFO - This is an informational message.
2025-01-19 10:59:42,614 - __main__ - INFO - This is an informational message.
2025-01-19 10:59:42,614 - __main__ - INFO - This is an informational message.
2025-01-19 10:59:42,614 - __main__ - INFO - This is an informational message.
2025-01-19 10:59:42,614 - __main__ - INFO - This is an informational message.
2025-01-19 10:59:42,614 - __main__ - INFO - This is an informational message.
2025-01-19 10:59:42,614 - __main__ - INFO - This is an informational message.
2025-01-19 10:59:42,614 - __main__ - INFO - This is an informational message.
2025-01-19 10:59:42,614 - __main__ - INFO - This is an informational message.
2025-01-19 10:59:42,614 - __main__ - INFO - This is an informational message.
2025-01-19 10:59:42,624 - __main__ - WARNING - This is a warning message.
2025-01-19 10:59:42,624 - __main__ - WARNING - This is a warning message.
2025-01-19 10:59:42,624 - __main__ - WARNING - This is a warning message.
2025-01-19 10:59:42,624 - __main__ - WARNING - This is a warning message.
2025-01-19 10:59:42,624 - __main__ - WARNING - This is a warning message.
2025-01-19 10:59:42,624 - __main__ - WARNING - This is a warning message.
2025-01-19 10:59:42,624 - __main__ - WARNING - This is a warning message.
2025-01-19 10:59:42,624 - __main__ - WARNING - This is a warning message.
2025-01-19 10:59:42,624 - __main__ - WARNING - This is a warning message.
2025-01-19 10:59:42,624 - __main__ - WARNING - This is a warning message.
2025-01-19 10:59:42,628 - __main__ - ERROR - This is an error message.
2025-01-19 10:59:42,628 - __main__ - ERROR - This is an error message.
2025-01-19 10:59:42,628 - __main__ - ERROR - This is an error message.
2025-01-19 10:59:42,628 - __main__ - ERROR - This is an error message.
2025-01-19 10:59:42,628 - __main__ - ERROR - This is an error message.
2025-01-19 10:59:42,628 - __main__ - ERROR - This is an error message.
2025-01-19 10:59:42,628 - __main__ - ERROR - This is an error message.
2025-01-19 10:59:42,628 - __main__ - ERROR - This is an error message.
2025-01-19 10:59:42,628 - __main__ - ERROR - This is an error message.
2025-01-19 10:59:42,628 - __main__ - ERROR - This is an error message.
2025-01-19 10:59:42,660 - __main__ - ERROR - An exception occurred:
Traceback (most recent call last):
  File "D:\Neeraj\streamlit\ai_bot_app\main.py", line 84, in <module>
    main_app()
  File "D:\Neeraj\streamlit\ai_bot_app\main.py", line 31, in main_app
    summary = duck_duckgo_search.web_search_agent_duckduckgo(description=description,question=question,model=selected_model)
              ^^^^^^^^^^^^^^^^^^^^^^^^^^^^^^^^^^^^^^^^^^^^^^^^^^^^^^^^^^^^^^^^^^^^^^^^^^^^^^^^^^^^^^^^^^^^^^^^^^^^^^^^^^^^^^
  File "D:\Neeraj\streamlit\ai_bot_app\duck_duckgo_search.py", line 32, in web_search_agent_duckduckgo
    response = web_agent.print_response(question, stream=False)
               ^^^^^^^^^^^^^^^^^^^^^^^^^^^^^^^^^^^^^^^^^^^^^^^^
  File "D:\Neeraj\streamlit\ai_bot_app\venv\Lib\site-packages\phi\agent\agent.py", line 2882, in print_response
    with Live(console=console) as live_log:
  File "D:\Neeraj\streamlit\ai_bot_app\venv\Lib\site-packages\rich\live.py", line 166, in __enter__
    self.start(refresh=self._renderable is not None)
  File "D:\Neeraj\streamlit\ai_bot_app\venv\Lib\site-packages\rich\live.py", line 113, in start
    self.console.set_live(self)
  File "D:\Neeraj\streamlit\ai_bot_app\venv\Lib\site-packages\rich\console.py", line 835, in set_live
    raise errors.LiveError("Only one live display may be active at once")
rich.errors.LiveError: Only one live display may be active at once
2025-01-19 10:59:42,660 - __main__ - ERROR - An exception occurred:
Traceback (most recent call last):
  File "D:\Neeraj\streamlit\ai_bot_app\main.py", line 84, in <module>
    main_app()
  File "D:\Neeraj\streamlit\ai_bot_app\main.py", line 31, in main_app
    summary = duck_duckgo_search.web_search_agent_duckduckgo(description=description,question=question,model=selected_model)
              ^^^^^^^^^^^^^^^^^^^^^^^^^^^^^^^^^^^^^^^^^^^^^^^^^^^^^^^^^^^^^^^^^^^^^^^^^^^^^^^^^^^^^^^^^^^^^^^^^^^^^^^^^^^^^^
  File "D:\Neeraj\streamlit\ai_bot_app\duck_duckgo_search.py", line 32, in web_search_agent_duckduckgo
    response = web_agent.print_response(question, stream=False)
               ^^^^^^^^^^^^^^^^^^^^^^^^^^^^^^^^^^^^^^^^^^^^^^^^
  File "D:\Neeraj\streamlit\ai_bot_app\venv\Lib\site-packages\phi\agent\agent.py", line 2882, in print_response
    with Live(console=console) as live_log:
  File "D:\Neeraj\streamlit\ai_bot_app\venv\Lib\site-packages\rich\live.py", line 166, in __enter__
    self.start(refresh=self._renderable is not None)
  File "D:\Neeraj\streamlit\ai_bot_app\venv\Lib\site-packages\rich\live.py", line 113, in start
    self.console.set_live(self)
  File "D:\Neeraj\streamlit\ai_bot_app\venv\Lib\site-packages\rich\console.py", line 835, in set_live
    raise errors.LiveError("Only one live display may be active at once")
rich.errors.LiveError: Only one live display may be active at once
2025-01-19 10:59:42,660 - __main__ - ERROR - An exception occurred:
Traceback (most recent call last):
  File "D:\Neeraj\streamlit\ai_bot_app\main.py", line 84, in <module>
    main_app()
  File "D:\Neeraj\streamlit\ai_bot_app\main.py", line 31, in main_app
    summary = duck_duckgo_search.web_search_agent_duckduckgo(description=description,question=question,model=selected_model)
              ^^^^^^^^^^^^^^^^^^^^^^^^^^^^^^^^^^^^^^^^^^^^^^^^^^^^^^^^^^^^^^^^^^^^^^^^^^^^^^^^^^^^^^^^^^^^^^^^^^^^^^^^^^^^^^
  File "D:\Neeraj\streamlit\ai_bot_app\duck_duckgo_search.py", line 32, in web_search_agent_duckduckgo
    response = web_agent.print_response(question, stream=False)
               ^^^^^^^^^^^^^^^^^^^^^^^^^^^^^^^^^^^^^^^^^^^^^^^^
  File "D:\Neeraj\streamlit\ai_bot_app\venv\Lib\site-packages\phi\agent\agent.py", line 2882, in print_response
    with Live(console=console) as live_log:
  File "D:\Neeraj\streamlit\ai_bot_app\venv\Lib\site-packages\rich\live.py", line 166, in __enter__
    self.start(refresh=self._renderable is not None)
  File "D:\Neeraj\streamlit\ai_bot_app\venv\Lib\site-packages\rich\live.py", line 113, in start
    self.console.set_live(self)
  File "D:\Neeraj\streamlit\ai_bot_app\venv\Lib\site-packages\rich\console.py", line 835, in set_live
    raise errors.LiveError("Only one live display may be active at once")
rich.errors.LiveError: Only one live display may be active at once
2025-01-19 10:59:42,660 - __main__ - ERROR - An exception occurred:
Traceback (most recent call last):
  File "D:\Neeraj\streamlit\ai_bot_app\main.py", line 84, in <module>
    main_app()
  File "D:\Neeraj\streamlit\ai_bot_app\main.py", line 31, in main_app
    summary = duck_duckgo_search.web_search_agent_duckduckgo(description=description,question=question,model=selected_model)
              ^^^^^^^^^^^^^^^^^^^^^^^^^^^^^^^^^^^^^^^^^^^^^^^^^^^^^^^^^^^^^^^^^^^^^^^^^^^^^^^^^^^^^^^^^^^^^^^^^^^^^^^^^^^^^^
  File "D:\Neeraj\streamlit\ai_bot_app\duck_duckgo_search.py", line 32, in web_search_agent_duckduckgo
    response = web_agent.print_response(question, stream=False)
               ^^^^^^^^^^^^^^^^^^^^^^^^^^^^^^^^^^^^^^^^^^^^^^^^
  File "D:\Neeraj\streamlit\ai_bot_app\venv\Lib\site-packages\phi\agent\agent.py", line 2882, in print_response
    with Live(console=console) as live_log:
  File "D:\Neeraj\streamlit\ai_bot_app\venv\Lib\site-packages\rich\live.py", line 166, in __enter__
    self.start(refresh=self._renderable is not None)
  File "D:\Neeraj\streamlit\ai_bot_app\venv\Lib\site-packages\rich\live.py", line 113, in start
    self.console.set_live(self)
  File "D:\Neeraj\streamlit\ai_bot_app\venv\Lib\site-packages\rich\console.py", line 835, in set_live
    raise errors.LiveError("Only one live display may be active at once")
rich.errors.LiveError: Only one live display may be active at once
2025-01-19 10:59:42,660 - __main__ - ERROR - An exception occurred:
Traceback (most recent call last):
  File "D:\Neeraj\streamlit\ai_bot_app\main.py", line 84, in <module>
    main_app()
  File "D:\Neeraj\streamlit\ai_bot_app\main.py", line 31, in main_app
    summary = duck_duckgo_search.web_search_agent_duckduckgo(description=description,question=question,model=selected_model)
              ^^^^^^^^^^^^^^^^^^^^^^^^^^^^^^^^^^^^^^^^^^^^^^^^^^^^^^^^^^^^^^^^^^^^^^^^^^^^^^^^^^^^^^^^^^^^^^^^^^^^^^^^^^^^^^
  File "D:\Neeraj\streamlit\ai_bot_app\duck_duckgo_search.py", line 32, in web_search_agent_duckduckgo
    response = web_agent.print_response(question, stream=False)
               ^^^^^^^^^^^^^^^^^^^^^^^^^^^^^^^^^^^^^^^^^^^^^^^^
  File "D:\Neeraj\streamlit\ai_bot_app\venv\Lib\site-packages\phi\agent\agent.py", line 2882, in print_response
    with Live(console=console) as live_log:
  File "D:\Neeraj\streamlit\ai_bot_app\venv\Lib\site-packages\rich\live.py", line 166, in __enter__
    self.start(refresh=self._renderable is not None)
  File "D:\Neeraj\streamlit\ai_bot_app\venv\Lib\site-packages\rich\live.py", line 113, in start
    self.console.set_live(self)
  File "D:\Neeraj\streamlit\ai_bot_app\venv\Lib\site-packages\rich\console.py", line 835, in set_live
    raise errors.LiveError("Only one live display may be active at once")
rich.errors.LiveError: Only one live display may be active at once
2025-01-19 10:59:42,660 - __main__ - ERROR - An exception occurred:
Traceback (most recent call last):
  File "D:\Neeraj\streamlit\ai_bot_app\main.py", line 84, in <module>
    main_app()
  File "D:\Neeraj\streamlit\ai_bot_app\main.py", line 31, in main_app
    summary = duck_duckgo_search.web_search_agent_duckduckgo(description=description,question=question,model=selected_model)
              ^^^^^^^^^^^^^^^^^^^^^^^^^^^^^^^^^^^^^^^^^^^^^^^^^^^^^^^^^^^^^^^^^^^^^^^^^^^^^^^^^^^^^^^^^^^^^^^^^^^^^^^^^^^^^^
  File "D:\Neeraj\streamlit\ai_bot_app\duck_duckgo_search.py", line 32, in web_search_agent_duckduckgo
    response = web_agent.print_response(question, stream=False)
               ^^^^^^^^^^^^^^^^^^^^^^^^^^^^^^^^^^^^^^^^^^^^^^^^
  File "D:\Neeraj\streamlit\ai_bot_app\venv\Lib\site-packages\phi\agent\agent.py", line 2882, in print_response
    with Live(console=console) as live_log:
  File "D:\Neeraj\streamlit\ai_bot_app\venv\Lib\site-packages\rich\live.py", line 166, in __enter__
    self.start(refresh=self._renderable is not None)
  File "D:\Neeraj\streamlit\ai_bot_app\venv\Lib\site-packages\rich\live.py", line 113, in start
    self.console.set_live(self)
  File "D:\Neeraj\streamlit\ai_bot_app\venv\Lib\site-packages\rich\console.py", line 835, in set_live
    raise errors.LiveError("Only one live display may be active at once")
rich.errors.LiveError: Only one live display may be active at once
2025-01-19 10:59:42,660 - __main__ - ERROR - An exception occurred:
Traceback (most recent call last):
  File "D:\Neeraj\streamlit\ai_bot_app\main.py", line 84, in <module>
    main_app()
  File "D:\Neeraj\streamlit\ai_bot_app\main.py", line 31, in main_app
    summary = duck_duckgo_search.web_search_agent_duckduckgo(description=description,question=question,model=selected_model)
              ^^^^^^^^^^^^^^^^^^^^^^^^^^^^^^^^^^^^^^^^^^^^^^^^^^^^^^^^^^^^^^^^^^^^^^^^^^^^^^^^^^^^^^^^^^^^^^^^^^^^^^^^^^^^^^
  File "D:\Neeraj\streamlit\ai_bot_app\duck_duckgo_search.py", line 32, in web_search_agent_duckduckgo
    response = web_agent.print_response(question, stream=False)
               ^^^^^^^^^^^^^^^^^^^^^^^^^^^^^^^^^^^^^^^^^^^^^^^^
  File "D:\Neeraj\streamlit\ai_bot_app\venv\Lib\site-packages\phi\agent\agent.py", line 2882, in print_response
    with Live(console=console) as live_log:
  File "D:\Neeraj\streamlit\ai_bot_app\venv\Lib\site-packages\rich\live.py", line 166, in __enter__
    self.start(refresh=self._renderable is not None)
  File "D:\Neeraj\streamlit\ai_bot_app\venv\Lib\site-packages\rich\live.py", line 113, in start
    self.console.set_live(self)
  File "D:\Neeraj\streamlit\ai_bot_app\venv\Lib\site-packages\rich\console.py", line 835, in set_live
    raise errors.LiveError("Only one live display may be active at once")
rich.errors.LiveError: Only one live display may be active at once
2025-01-19 10:59:42,660 - __main__ - ERROR - An exception occurred:
Traceback (most recent call last):
  File "D:\Neeraj\streamlit\ai_bot_app\main.py", line 84, in <module>
    main_app()
  File "D:\Neeraj\streamlit\ai_bot_app\main.py", line 31, in main_app
    summary = duck_duckgo_search.web_search_agent_duckduckgo(description=description,question=question,model=selected_model)
              ^^^^^^^^^^^^^^^^^^^^^^^^^^^^^^^^^^^^^^^^^^^^^^^^^^^^^^^^^^^^^^^^^^^^^^^^^^^^^^^^^^^^^^^^^^^^^^^^^^^^^^^^^^^^^^
  File "D:\Neeraj\streamlit\ai_bot_app\duck_duckgo_search.py", line 32, in web_search_agent_duckduckgo
    response = web_agent.print_response(question, stream=False)
               ^^^^^^^^^^^^^^^^^^^^^^^^^^^^^^^^^^^^^^^^^^^^^^^^
  File "D:\Neeraj\streamlit\ai_bot_app\venv\Lib\site-packages\phi\agent\agent.py", line 2882, in print_response
    with Live(console=console) as live_log:
  File "D:\Neeraj\streamlit\ai_bot_app\venv\Lib\site-packages\rich\live.py", line 166, in __enter__
    self.start(refresh=self._renderable is not None)
  File "D:\Neeraj\streamlit\ai_bot_app\venv\Lib\site-packages\rich\live.py", line 113, in start
    self.console.set_live(self)
  File "D:\Neeraj\streamlit\ai_bot_app\venv\Lib\site-packages\rich\console.py", line 835, in set_live
    raise errors.LiveError("Only one live display may be active at once")
rich.errors.LiveError: Only one live display may be active at once
2025-01-19 10:59:42,660 - __main__ - ERROR - An exception occurred:
Traceback (most recent call last):
  File "D:\Neeraj\streamlit\ai_bot_app\main.py", line 84, in <module>
    main_app()
  File "D:\Neeraj\streamlit\ai_bot_app\main.py", line 31, in main_app
    summary = duck_duckgo_search.web_search_agent_duckduckgo(description=description,question=question,model=selected_model)
              ^^^^^^^^^^^^^^^^^^^^^^^^^^^^^^^^^^^^^^^^^^^^^^^^^^^^^^^^^^^^^^^^^^^^^^^^^^^^^^^^^^^^^^^^^^^^^^^^^^^^^^^^^^^^^^
  File "D:\Neeraj\streamlit\ai_bot_app\duck_duckgo_search.py", line 32, in web_search_agent_duckduckgo
    response = web_agent.print_response(question, stream=False)
               ^^^^^^^^^^^^^^^^^^^^^^^^^^^^^^^^^^^^^^^^^^^^^^^^
  File "D:\Neeraj\streamlit\ai_bot_app\venv\Lib\site-packages\phi\agent\agent.py", line 2882, in print_response
    with Live(console=console) as live_log:
  File "D:\Neeraj\streamlit\ai_bot_app\venv\Lib\site-packages\rich\live.py", line 166, in __enter__
    self.start(refresh=self._renderable is not None)
  File "D:\Neeraj\streamlit\ai_bot_app\venv\Lib\site-packages\rich\live.py", line 113, in start
    self.console.set_live(self)
  File "D:\Neeraj\streamlit\ai_bot_app\venv\Lib\site-packages\rich\console.py", line 835, in set_live
    raise errors.LiveError("Only one live display may be active at once")
rich.errors.LiveError: Only one live display may be active at once
2025-01-19 10:59:42,660 - __main__ - ERROR - An exception occurred:
Traceback (most recent call last):
  File "D:\Neeraj\streamlit\ai_bot_app\main.py", line 84, in <module>
    main_app()
  File "D:\Neeraj\streamlit\ai_bot_app\main.py", line 31, in main_app
    summary = duck_duckgo_search.web_search_agent_duckduckgo(description=description,question=question,model=selected_model)
              ^^^^^^^^^^^^^^^^^^^^^^^^^^^^^^^^^^^^^^^^^^^^^^^^^^^^^^^^^^^^^^^^^^^^^^^^^^^^^^^^^^^^^^^^^^^^^^^^^^^^^^^^^^^^^^
  File "D:\Neeraj\streamlit\ai_bot_app\duck_duckgo_search.py", line 32, in web_search_agent_duckduckgo
    response = web_agent.print_response(question, stream=False)
               ^^^^^^^^^^^^^^^^^^^^^^^^^^^^^^^^^^^^^^^^^^^^^^^^
  File "D:\Neeraj\streamlit\ai_bot_app\venv\Lib\site-packages\phi\agent\agent.py", line 2882, in print_response
    with Live(console=console) as live_log:
  File "D:\Neeraj\streamlit\ai_bot_app\venv\Lib\site-packages\rich\live.py", line 166, in __enter__
    self.start(refresh=self._renderable is not None)
  File "D:\Neeraj\streamlit\ai_bot_app\venv\Lib\site-packages\rich\live.py", line 113, in start
    self.console.set_live(self)
  File "D:\Neeraj\streamlit\ai_bot_app\venv\Lib\site-packages\rich\console.py", line 835, in set_live
    raise errors.LiveError("Only one live display may be active at once")
rich.errors.LiveError: Only one live display may be active at once
